<?xml version="1.0" encoding="UTF-8"?>
<!-- Generated by org.testng.reporters.JUnitReportReporter -->
<testsuite hostname="Abels-MacBook-Pro.local" failures="0" tests="1" name="NewTest" time="0.003" errors="0" timestamp="2022-11-03T18:47:55 CDT" skipped="0">
  <testcase classname="NewTest" name="f" time="0.003"/>
  <system-out/>
</testsuite> <!-- NewTest -->
