<?xml version="1.0" encoding="UTF-8"?>
<!-- Generated by org.testng.reporters.JUnitReportReporter -->
<testsuite hostname="Abels-MacBook-Pro.local" failures="0" tests="1" name="DataProviderTests" time="0.006" errors="0" timestamp="2022-11-03T20:05:59 CDT" skipped="0">
  <testcase classname="DataProviderTests" name="canGetStateNameFromObjectMother" time="0.006"/>
  <system-out/>
</testsuite> <!-- DataProviderTests -->
