<?xml version="1.0" encoding="UTF-8"?>
<!-- Generated by org.testng.reporters.JUnitReportReporter -->
<testsuite hostname="Abels-MacBook-Pro.local" failures="0" tests="1" name="BassCSVTests" time="0.059" errors="0" timestamp="2022-12-13T13:15:17 CST" skipped="0">
  <testcase classname="BassCSVTests" name="canHydrate" time="0.059"/>
  <system-out/>
</testsuite> <!-- BassCSVTests -->
