<?xml version="1.0" encoding="UTF-8"?>
<!-- Generated by org.testng.reporters.JUnitReportReporter -->
<testsuite hostname="Abels-MacBook-Pro.local" failures="0" tests="1" name="BassCSVTests" time="0.055" errors="0" timestamp="2022-12-13T15:20:17 CST" skipped="0">
  <testcase classname="BassCSVTests" name="canGetCSVFileIntoHashMapMakesAndModels" time="0.055"/>
  <system-out/>
</testsuite> <!-- BassCSVTests -->
